02/13/19: 11:06:34.616: Sent     S5F4 to   6-6-EVAP-002srv
02/13/19: 11:09:46.211: S1F13 W, sxid 0, H->E, 0x4e
02/13/19: 11:09:46.212:     L,0
02/13/19: 11:09:46.215: Received S1F13 from 6-6-EVAP-002
02/13/19: 11:09:46.244: S1F14,   sxid 0, H<-E, 0x4e
02/13/19: 11:09:46.246:     L,2
                              (BIN) '00'
                              L,2
                                (ASC) 'Khan'
                                (ASC) '1005.0.8.0'
02/13/19: 11:09:46.247: Sent     S1F14 to   6-6-EVAP-002srv
02/13/19: 11:09:46.337: S1F1 W, sxid 0, H->E, 0x51
02/13/19: 11:09:46.340: Received S1F1 from 6-6-EVAP-002
02/13/19: 11:09:46.361: S1F2,   sxid 0, H<-E, 0x51
02/13/19: 11:09:46.363:     L,2
                              (ASC) 'Khan'
                              (ASC) '1005.0.8.0'
02/13/19: 11:09:46.364: Sent     S1F2 to   6-6-EVAP-002srv
02/13/19: 11:09:49.688: S1F3 W, sxid 0, H->E, 0x54
02/13/19: 11:09:49.689:     L,2
                              (UI4) '13'
                              (UI4) '16'
02/13/19: 11:09:49.694: Received S1F3 from 6-6-EVAP-002
02/13/19: 11:09:49.762: S1F4,   sxid 0, H<-E, 0x54
02/13/19: 11:09:49.763:     L,2
                              (UI4) '5'
                              (UI4) '4'
02/13/19: 11:09:49.764: Sent     S1F4 to   6-6-EVAP-002srv
02/13/19: 11:09:49.856: S5F3 W, sxid 0, H->E, 0x57
02/13/19: 11:09:49.857:     L,2
                              (BOOL) '01'
                              L,0
02/13/19: 11:09:49.861: Received S5F3 from 6-6-EVAP-002
02/13/19: 11:09:49.879: S5F4,   sxid 0, H<-E, 0x57
02/13/19: 11:09:49.880:     (BIN) '00'
02/13/19: 11:09:49.881: Sent     S5F4 to   6-6-EVAP-002srv
02/13/19: 11:26:08.752: S1F13 W, sxid 0, H->E, 0x5a
02/13/19: 11:26:08.753:     L,0
02/13/19: 11:26:08.757: Received S1F13 from 6-6-EVAP-002
02/13/19: 11:26:08.799: S1F14,   sxid 0, H<-E, 0x5a
02/13/19: 11:26:08.800:     L,2
                              (BIN) '00'
                              L,2
                                (ASC) 'Khan'
                                (ASC) '1005.0.8.0'
02/13/19: 11:26:08.801: Sent     S1F14 to   6-6-EVAP-002srv
02/13/19: 11:26:08.878: S1F1 W, sxid 0, H->E, 0x5d
02/13/19: 11:26:08.881: Received S1F1 from 6-6-EVAP-002
02/13/19: 11:26:08.919: S1F2,   sxid 0, H<-E, 0x5d
02/13/19: 11:26:08.921:     L,2
                              (ASC) 'Khan'
                              (ASC) '1005.0.8.0'
02/13/19: 11:26:08.922: Sent     S1F2 to   6-6-EVAP-002srv
02/13/19: 11:26:09.005: S1F3 W, sxid 0, H->E, 0x60
02/13/19: 11:26:09.006:     L,2
                              (UI4) '13'
                              (UI4) '16'
02/13/19: 11:26:09.009: Received S1F3 from 6-6-EVAP-002
02/13/19: 11:26:09.066: S1F4,   sxid 0, H<-E, 0x60
02/13/19: 11:26:09.067:     L,2
                              (UI4) '5'
                              (UI4) '4'
02/13/19: 11:26:09.069: Sent     S1F4 to   6-6-EVAP-002srv
02/13/19: 11:26:09.160: S5F3 W, sxid 0, H->E, 0x63
02/13/19: 11:26:09.161:     L,2
                              (BOOL) '01'
                              L,0
02/13/19: 11:26:09.165: Received S5F3 from 6-6-EVAP-002
02/13/19: 11:26:09.176: S5F4,   sxid 0, H<-E, 0x63
02/13/19: 11:26:09.177:     (BIN) '00'
02/13/19: 11:26:09.178: Sent     S5F4 to   6-6-EVAP-002srv
02/13/19: 11:45:33.368: S1F13 W, sxid 0, H->E, 0x66
02/13/19: 11:45:33.369:     L,0
02/13/19: 11:45:33.372: Received S1F13 from 6-6-EVAP-002
02/13/19: 11:45:33.396: S1F14,   sxid 0, H<-E, 0x66
02/13/19: 11:45:33.397:     L,2
                              (BIN) '00'
                              L,2
                                (ASC) 'Khan'
                                (ASC) '1005.0.8.0'
02/13/19: 11:45:33.398: Sent     S1F14 to   6-6-EVAP-002srv
02/13/19: 11:45:33.459: S1F1 W, sxid 0, H->E, 0x69
02/13/19: 11:45:33.461: Received S1F1 from 6-6-EVAP-002
02/13/19: 11:45:33.478: S1F2,   sxid 0, H<-E, 0x69
02/13/19: 11:45:33.480:     L,2
                              (ASC) 'Khan'
                              (ASC) '1005.0.8.0'
02/13/19: 11:45:33.481: Sent     S1F2 to   6-6-EVAP-002srv
02/13/19: 11:45:33.547: S1F3 W, sxid 0, H->E, 0x6c
02/13/19: 11:45:33.548:     L,2
                              (UI4) '13'
                              (UI4) '16'
02/13/19: 11:45:33.551: Received S1F3 from 6-6-EVAP-002
02/13/19: 11:45:33.594: S1F4,   sxid 0, H<-E, 0x6c
02/13/19: 11:45:33.595:     L,2
                              (UI4) '5'
                              (UI4) '4'
02/13/19: 11:45:33.596: Sent     S1F4 to   6-6-EVAP-002srv
02/13/19: 11:45:33.683: S5F3 W, sxid 0, H->E, 0x6f
02/13/19: 11:45:33.684:     L,2
                              (BOOL) '01'
                              L,0
02/13/19: 11:45:33.686: Received S5F3 from 6-6-EVAP-002
02/13/19: 11:45:33.697: S5F4,   sxid 0, H<-E, 0x6f
02/13/19: 11:45:33.698:     (BIN) '00'
02/13/19: 11:45:33.699: Sent     S5F4 to   6-6-EVAP-002srv
02/14/19: 11:09:04.499: S1F1 W, sxid 0, H->E, 0x02
02/14/19: 11:09:04.509: Received S1F1 from 6-6-EVAP-002
02/14/19: 11:09:04.622: S1F2,   sxid 0, H<-E, 0x02
02/14/19: 11:09:04.623:     L,2
                              (ASC) 'Khan'
                              (ASC) '1005.0.8.0'
02/14/19: 11:09:04.624: Sent     S1F2 to   6-6-EVAP-002srv
02/14/19: 11:09:25.459: S6F11 W, sxid 0, H<-E, 0x04
02/14/19: 11:09:25.460:     L,3
                              (ASC) '1'
                              (ASC) '10'
                              L,1
                                L,2
                                  (ASC) '100'
                                  L,2
                                    (ASC) '5'
                                    (ASC) '2'
02/14/19: 11:09:25.464: Sent     S6F11 to   6-6-EVAP-002
02/14/19: 11:09:25.539: S6F12,   sxid 0, H->E, 0x04
02/14/19: 11:09:25.540:     (BIN) '00'
02/14/19: 11:09:25.558: Received S6F12 from 6-6-EVAP-002
02/14/19: 11:09:55.033: S5F1 W, sxid 0, H<-E, 0x06
02/14/19: 11:09:55.034:     L,3
                              (BIN) '00'
                              (SI1) '3'
                              (ASC) 'Hi alarm'
02/14/19: 11:09:55.038: Sent     S5F1 to   6-6-EVAP-002
02/14/19: 11:09:55.118: S5F2,   sxid 0, H->E, 0x06
02/14/19: 11:09:55.119:     (BIN) '00'
02/14/19: 11:09:55.137: Received S5F2 from 6-6-EVAP-002
02/14/19: 11:13:34.353: S1F13 W, sxid 0, H->E, 0x07
02/14/19: 11:13:34.354:     L,0
02/14/19: 11:13:34.365: Received S1F13 from 6-6-EVAP-002
02/14/19: 11:13:34.475: S1F14,   sxid 0, H<-E, 0x07
02/14/19: 11:13:34.476:     L,2
                              (BIN) '00'
                              L,2
                                (ASC) 'Khan'
                                (ASC) '1005.0.8.0'
02/14/19: 11:13:34.478: Sent     S1F14 to   6-6-EVAP-002srv
02/14/19: 11:13:35.887: S1F1 W, sxid 0, H->E, 0x0a
02/14/19: 11:13:35.894: Received S1F1 from 6-6-EVAP-002
02/14/19: 11:13:36.005: S1F2,   sxid 0, H<-E, 0x0a
02/14/19: 11:13:36.006:     L,2
                              (ASC) 'Khan'
                              (ASC) '1005.0.8.0'
02/14/19: 11:13:36.007: Sent     S1F2 to   6-6-EVAP-002srv
02/14/19: 11:13:37.444: S1F3 W, sxid 0, H->E, 0x0d
02/14/19: 11:13:37.445:     L,2
                              (UI4) '13'
                              (UI4) '16'
02/14/19: 11:13:37.456: Received S1F3 from 6-6-EVAP-002
02/14/19: 11:13:37.736: S1F4,   sxid 0, H<-E, 0x0d
02/14/19: 11:13:37.737:     L,2
                              (UI4) '5'
                              (UI4) '2'
02/14/19: 11:13:37.738: Sent     S1F4 to   6-6-EVAP-002srv
02/14/19: 11:13:53.660: S5F3 W, sxid 0, H->E, 0x10
02/14/19: 11:13:53.661:     L,2
                              (BOOL) '01'
                              L,0
02/14/19: 11:13:53.671: Received S5F3 from 6-6-EVAP-002
02/14/19: 11:13:53.743: S5F4,   sxid 0, H<-E, 0x10
02/14/19: 11:13:53.744:     (BIN) '00'
02/14/19: 11:13:53.745: Sent     S5F4 to   6-6-EVAP-002srv
02/14/19: 11:31:33.592: S1F13 W, sxid 0, H->E, 0x13
02/14/19: 11:31:33.592:     L,0
02/14/19: 11:31:33.603: Received S1F13 from 6-6-EVAP-002
02/14/19: 11:31:33.716: S1F14,   sxid 0, H<-E, 0x13
02/14/19: 11:31:33.717:     L,2
                              (BIN) '00'
                              L,2
                                (ASC) 'Khan'
                                (ASC) '1005.0.8.0'
02/14/19: 11:31:33.719: Sent     S1F14 to   6-6-EVAP-002srv
02/14/19: 11:31:33.818: S1F1 W, sxid 0, H->E, 0x16
02/14/19: 11:31:33.825: Received S1F1 from 6-6-EVAP-002
02/14/19: 11:31:33.938: S1F2,   sxid 0, H<-E, 0x16
02/14/19: 11:31:33.939:     L,2
                              (ASC) 'Khan'
                              (ASC) '1005.0.8.0'
02/14/19: 11:31:33.940: Sent     S1F2 to   6-6-EVAP-002srv
02/14/19: 11:31:34.032: S1F3 W, sxid 0, H->E, 0x19
02/14/19: 11:31:34.033:     L,2
                              (UI4) '13'
                              (UI4) '16'
02/14/19: 11:31:34.042: Received S1F3 from 6-6-EVAP-002
02/14/19: 11:31:34.313: S1F4,   sxid 0, H<-E, 0x19
02/14/19: 11:31:34.314:     L,2
                              (UI4) '5'
                              (UI4) '2'
02/14/19: 11:31:34.315: Sent     S1F4 to   6-6-EVAP-002srv
02/14/19: 11:31:36.009: S5F3 W, sxid 0, H->E, 0x1c
02/14/19: 11:31:36.010:     L,2
                              (BOOL) '01'
                              L,0
02/14/19: 11:31:36.022: Received S5F3 from 6-6-EVAP-002
02/14/19: 11:31:36.085: S5F4,   sxid 0, H<-E, 0x1c
02/14/19: 11:31:36.086:     (BIN) '00'
02/14/19: 11:31:36.087: Sent     S5F4 to   6-6-EVAP-002srv
02/14/19: 11:40:38.893: S1F13 W, sxid 0, H->E, 0x1f
02/14/19: 11:40:38.894:     L,0
02/14/19: 11:40:38.903: Received S1F13 from 6-6-EVAP-002
02/14/19: 11:40:39.016: S1F14,   sxid 0, H<-E, 0x1f
02/14/19: 11:40:39.017:     L,2
                              (BIN) '00'
                              L,2
                                (ASC) 'Khan'
                                (ASC) '1005.0.8.0'
02/14/19: 11:40:39.018: Sent     S1F14 to   6-6-EVAP-002srv
02/14/19: 11:50:32.064: S1F13 W, sxid 0, H->E, 0x22
02/14/19: 11:50:32.065:     L,0
02/14/19: 11:50:32.075: Received S1F13 from 6-6-EVAP-002
02/14/19: 11:50:32.190: S1F14,   sxid 0, H<-E, 0x22
02/14/19: 11:50:32.193:     L,2
                              (BIN) '00'
                              L,2
                                (ASC) 'Khan'
                                (ASC) '1005.0.8.0'
02/14/19: 11:50:32.194: Sent     S1F14 to   6-6-EVAP-002srv
02/14/19: 11:50:32.369: S1F1 W, sxid 0, H->E, 0x25
02/14/19: 11:50:32.377: Received S1F1 from 6-6-EVAP-002
02/14/19: 11:50:32.489: S1F2,   sxid 0, H<-E, 0x25
02/14/19: 11:50:32.490:     L,2
                              (ASC) 'Khan'
                              (ASC) '1005.0.8.0'
02/14/19: 11:50:32.492: Sent     S1F2 to   6-6-EVAP-002srv
02/14/19: 11:50:44.437: S1F3 W, sxid 0, H->E, 0x28
02/14/19: 11:50:44.438:     L,2
                              (UI4) '13'
                              (UI4) '16'
02/14/19: 11:50:44.448: Received S1F3 from 6-6-EVAP-002
02/14/19: 11:50:44.735: S1F4,   sxid 0, H<-E, 0x28
02/14/19: 11:50:44.737:     L,2
                              (UI4) '5'
                              (UI4) '2'
02/14/19: 11:50:44.738: Sent     S1F4 to   6-6-EVAP-002srv
02/14/19: 11:51:30.145: S5F3 W, sxid 0, H->E, 0x2b
02/14/19: 11:51:30.146:     L,2
                              (BOOL) '01'
                              L,0
02/14/19: 11:51:30.155: Received S5F3 from 6-6-EVAP-002
02/14/19: 11:51:30.218: S5F4,   sxid 0, H<-E, 0x2b
02/14/19: 11:51:30.219:     (BIN) '00'
02/14/19: 11:51:30.220: Sent     S5F4 to   6-6-EVAP-002srv
02/14/19: 11:52:05.095: S6F11 W, sxid 0, H<-E, 0x14
02/14/19: 11:52:05.096:     L,3
                              (ASC) '1'
                              (ASC) '10'
                              L,1
                                L,2
                                  (ASC) '100'
                                  L,2
                                    (ASC) '5'
                                    (ASC) '2'
02/14/19: 11:52:05.100: Sent     S6F11 to   6-6-EVAP-002
02/14/19: 11:52:05.201: S6F12,   sxid 0, H->E, 0x14
02/14/19: 11:52:05.202:     (BIN) '00'
02/14/19: 11:52:05.225: Received S6F12 from 6-6-EVAP-002
02/14/19: 11:52:47.170: S6F11 W, sxid 0, H<-E, 0x15
02/14/19: 11:52:47.171:     L,3
                              (ASC) '1'
                              (ASC) '10'
                              L,1
                                L,2
                                  (ASC) '100'
                                  L,2
                                    (ASC) '5'
                                    (ASC) '3'
02/14/19: 11:52:47.176: Sent     S6F11 to   6-6-EVAP-002
02/14/19: 11:52:47.285: S6F12,   sxid 0, H->E, 0x15
02/14/19: 11:52:47.289:     (BIN) '00'
02/14/19: 11:52:47.312: Received S6F12 from 6-6-EVAP-002
02/14/19: 11:53:21.538: S6F11 W, sxid 0, H<-E, 0x16
02/14/19: 11:53:21.540:     L,3
                              (ASC) '1'
                              (ASC) '10'
                              L,1
                                L,2
                                  (ASC) '100'
                                  L,2
                                    (ASC) '5'
                                    (ASC) '2'
02/14/19: 11:53:21.544: Sent     S6F11 to   6-6-EVAP-002
02/14/19: 11:53:21.653: S6F12,   sxid 0, H->E, 0x16
02/14/19: 11:53:21.658:     (BIN) '00'
02/14/19: 11:53:21.689: Received S6F12 from 6-6-EVAP-002
02/14/19: 11:53:28.982: S5F1 W, sxid 0, H<-E, 0x18
02/14/19: 11:53:28.983:     L,3
                              (BIN) '00'
                              (SI1) '3'
                              (ASC) 'Hi alarm'
02/14/19: 11:53:28.988: Sent     S5F1 to   6-6-EVAP-002
02/14/19: 11:53:29.061: S5F2,   sxid 0, H->E, 0x18
02/14/19: 11:53:29.062:     (BIN) '00'
02/14/19: 11:53:29.080: Received S5F2 from 6-6-EVAP-002
02/14/19: 11:58:20.602: S1F13 W, sxid 0, H->E, 0x32
02/14/19: 11:58:20.603:     L,0
02/14/19: 11:58:20.613: Received S1F13 from 6-6-EVAP-002
02/14/19: 11:58:20.732: S1F14,   sxid 0, H<-E, 0x32
02/14/19: 11:58:20.733:     L,2
                              (BIN) '00'
                              L,2
                                (ASC) 'Khan'
                                (ASC) '1005.0.8.0'
02/14/19: 11:58:20.735: Sent     S1F14 to   6-6-EVAP-002srv
02/14/19: 11:58:20.904: S1F1 W, sxid 0, H->E, 0x35
02/14/19: 11:58:20.910: Received S1F1 from 6-6-EVAP-002
02/14/19: 11:58:21.022: S1F2,   sxid 0, H<-E, 0x35
02/14/19: 11:58:21.023:     L,2
                              (ASC) 'Khan'
                              (ASC) '1005.0.8.0'
02/14/19: 11:58:21.024: Sent     S1F2 to   6-6-EVAP-002srv
02/14/19: 11:58:23.761: S1F3 W, sxid 0, H->E, 0x38
02/14/19: 11:58:23.761:     L,2
                              (UI4) '13'
                              (UI4) '16'
02/14/19: 11:58:23.771: Received S1F3 from 6-6-EVAP-002
02/14/19: 11:58:24.049: S1F4,   sxid 0, H<-E, 0x38
02/14/19: 11:58:24.050:     L,2
                              (UI4) '5'
                              (UI4) '2'
02/14/19: 11:58:24.051: Sent     S1F4 to   6-6-EVAP-002srv
02/14/19: 11:58:32.459: S5F3 W, sxid 0, H->E, 0x3b
02/14/19: 11:58:32.461:     L,2
                              (BOOL) '01'
                              L,0
02/14/19: 11:58:32.473: Received S5F3 from 6-6-EVAP-002
02/14/19: 11:58:32.538: S5F4,   sxid 0, H<-E, 0x3b
02/14/19: 11:58:32.539:     (BIN) '00'
02/14/19: 11:58:32.540: Sent     S5F4 to   6-6-EVAP-002srv
02/14/19: 12:18:08.143: S1F13 W, sxid 0, H->E, 0x3e
02/14/19: 12:18:08.144:     L,0
02/14/19: 12:18:08.154: Received S1F13 from 6-6-EVAP-002
02/14/19: 12:18:08.276: S1F14,   sxid 0, H<-E, 0x3e
02/14/19: 12:18:08.277:     L,2
                              (BIN) '00'
                              L,2
                                (ASC) 'Khan'
                                (ASC) '1005.0.8.0'
02/14/19: 12:18:08.278: Sent     S1F14 to   6-6-EVAP-002srv
02/14/19: 12:18:08.448: S1F1 W, sxid 0, H->E, 0x41
02/14/19: 12:18:08.455: Received S1F1 from 6-6-EVAP-002
02/14/19: 12:18:08.574: S1F2,   sxid 0, H<-E, 0x41
02/14/19: 12:18:08.577:     L,2
                              (ASC) 'Khan'
                              (ASC) '1005.0.8.0'
02/16/19: 11:45:26.775: S1F1 W, sxid 0, H->E, 0x02
02/16/19: 11:45:26.776: Received S1F1 from 6-6-EVAP-002
02/16/19: 11:45:26.788: S1F2,   sxid 0, H<-E, 0x02
02/16/19: 11:45:26.789:     L,2
                              (ASC) 'Khan'
                              (ASC) '1005.0.8.0'
02/16/19: 11:45:26.789: Sent     S1F2 to   6-6-EVAP-002srv
02/16/19: 11:46:57.098: S1F13 W, sxid 0, H->E, 0x05
02/16/19: 11:46:57.098:     L,0
02/16/19: 11:46:57.099: Received S1F13 from 6-6-EVAP-002
02/16/19: 11:46:57.112: S1F14,   sxid 0, H<-E, 0x05
02/16/19: 11:46:57.112:     L,2
                              (BIN) '00'
                              L,2
                                (ASC) 'Khan'
                                (ASC) '1005.0.8.0'
02/16/19: 11:46:57.112: Sent     S1F14 to   6-6-EVAP-002srv
02/16/19: 11:46:58.416: S1F1 W, sxid 0, H->E, 0x08
02/16/19: 11:46:58.417: Received S1F1 from 6-6-EVAP-002
02/16/19: 11:46:58.428: S1F2,   sxid 0, H<-E, 0x08
02/16/19: 11:46:58.428:     L,2
                              (ASC) 'Khan'
                              (ASC) '1005.0.8.0'
02/16/19: 11:46:58.428: Sent     S1F2 to   6-6-EVAP-002srv
02/16/19: 11:46:59.314: S1F3 W, sxid 0, H->E, 0x0b
02/16/19: 11:46:59.315:     L,2
                              (UI4) '13'
                              (UI4) '16'
02/16/19: 11:46:59.315: Received S1F3 from 6-6-EVAP-002
02/16/19: 11:46:59.327: S1F4,   sxid 0, H<-E, 0x0b
02/16/19: 11:46:59.327:     L,2
                              (UI4) '5'
                              (UI4) '2'
02/16/19: 11:46:59.327: Sent     S1F4 to   6-6-EVAP-002srv
02/16/19: 11:47:00.428: S5F3 W, sxid 0, H->E, 0x0e
02/16/19: 11:47:00.428:     L,2
                              (BOOL) '01'
                              L,0
02/16/19: 11:47:00.429: Received S5F3 from 6-6-EVAP-002
02/16/19: 11:47:00.432: S5F4,   sxid 0, H<-E, 0x0e
02/16/19: 11:47:00.432:     (BIN) '00'
02/16/19: 11:47:00.432: Sent     S5F4 to   6-6-EVAP-002srv
02/16/19: 11:52:05.768: S1F13 W, sxid 0, H->E, 0x11
02/16/19: 11:52:05.768:     L,0
02/16/19: 11:52:05.769: Received S1F13 from 6-6-EVAP-002
02/16/19: 11:52:05.775: S1F14,   sxid 0, H<-E, 0x11
02/16/19: 11:52:05.775:     L,2
                              (BIN) '00'
                              L,2
                                (ASC) 'Khan'
                                (ASC) '1005.0.8.0'
02/16/19: 11:52:05.775: Sent     S1F14 to   6-6-EVAP-002srv
02/16/19: 11:52:05.792: S1F1 W, sxid 0, H->E, 0x14
02/16/19: 11:52:05.792: Received S1F1 from 6-6-EVAP-002
02/16/19: 11:52:05.797: S1F2,   sxid 0, H<-E, 0x14
02/16/19: 11:52:05.797:     L,2
                              (ASC) 'Khan'
                              (ASC) '1005.0.8.0'
02/16/19: 11:52:05.797: Sent     S1F2 to   6-6-EVAP-002srv
02/16/19: 11:52:05.820: S1F3 W, sxid 0, H->E, 0x17
02/16/19: 11:52:05.820:     L,2
                              (UI4) '13'
                              (UI4) '16'
02/16/19: 11:52:05.821: Received S1F3 from 6-6-EVAP-002
02/16/19: 11:52:05.835: S1F4,   sxid 0, H<-E, 0x17
02/16/19: 11:52:05.835:     L,2
                              (UI4) '5'
                              (UI4) '2'
02/16/19: 11:52:05.836: Sent     S1F4 to   6-6-EVAP-002srv
02/16/19: 11:52:05.861: S5F3 W, sxid 0, H->E, 0x1a
02/16/19: 11:52:05.862:     L,2
                              (BOOL) '01'
                              L,0
02/16/19: 11:52:05.862: Received S5F3 from 6-6-EVAP-002
02/16/19: 11:52:05.866: S5F4,   sxid 0, H<-E, 0x1a
02/16/19: 11:52:05.866:     (BIN) '00'
02/16/19: 11:52:05.867: Sent     S5F4 to   6-6-EVAP-002srv
02/16/19: 11:56:53.116: S1F13 W, sxid 0, H->E, 0x1d
02/16/19: 11:56:53.116:     L,0
02/16/19: 11:56:53.117: Received S1F13 from 6-6-EVAP-002
02/16/19: 11:56:53.125: S1F14,   sxid 0, H<-E, 0x1d
02/16/19: 11:56:53.125:     L,2
                              (BIN) '00'
                              L,2
                                (ASC) 'Khan'
                                (ASC) '1005.0.8.0'
02/16/19: 11:56:53.125: Sent     S1F14 to   6-6-EVAP-002srv
02/16/19: 11:56:53.146: S1F1 W, sxid 0, H->E, 0x20
02/16/19: 11:56:53.147: Received S1F1 from 6-6-EVAP-002
02/16/19: 11:56:53.159: S1F2,   sxid 0, H<-E, 0x20
02/16/19: 11:56:53.159:     L,2
                              (ASC) 'Khan'
                              (ASC) '1005.0.8.0'
02/16/19: 11:56:53.159: Sent     S1F2 to   6-6-EVAP-002srv
02/16/19: 11:56:53.186: S1F3 W, sxid 0, H->E, 0x23
02/16/19: 11:56:53.186:     L,2
                              (UI4) '13'
                              (UI4) '16'
02/16/19: 11:56:53.187: Received S1F3 from 6-6-EVAP-002
02/16/19: 11:56:53.219: S1F4,   sxid 0, H<-E, 0x23
02/16/19: 11:56:53.219:     L,2
                              (UI4) '5'
                              (UI4) '2'
02/16/19: 11:56:53.220: Sent     S1F4 to   6-6-EVAP-002srv
02/16/19: 11:56:53.248: S5F3 W, sxid 0, H->E, 0x26
02/16/19: 11:56:53.248:     L,2
                              (BOOL) '01'
                              L,0
02/16/19: 11:56:53.249: Received S5F3 from 6-6-EVAP-002
02/16/19: 11:56:53.256: S5F4,   sxid 0, H<-E, 0x26
02/16/19: 11:56:53.256:     (BIN) '00'
02/16/19: 11:56:53.256: Sent     S5F4 to   6-6-EVAP-002srv
02/16/19: 13:09:16.020: S1F13 W, sxid 0, H->E, 0x29
02/16/19: 13:09:16.020:     L,0
02/16/19: 13:09:16.020: Received S1F13 from 6-6-EVAP-002
02/16/19: 13:09:16.028: S1F14,   sxid 0, H<-E, 0x29
02/16/19: 13:09:16.028:     L,2
                              (BIN) '00'
                              L,2
                                (ASC) 'Khan'
                                (ASC) '1005.0.8.0'
02/16/19: 13:09:16.028: Sent     S1F14 to   6-6-EVAP-002srv
02/16/19: 13:09:16.050: S1F1 W, sxid 0, H->E, 0x2c
02/16/19: 13:09:16.050: Received S1F1 from 6-6-EVAP-002
02/16/19: 13:09:16.055: S1F2,   sxid 0, H<-E, 0x2c
02/16/19: 13:09:16.055:     L,2
                              (ASC) 'Khan'
                              (ASC) '1005.0.8.0'
02/16/19: 13:09:16.055: Sent     S1F2 to   6-6-EVAP-002srv
02/16/19: 13:09:16.078: S1F3 W, sxid 0, H->E, 0x2f
02/16/19: 13:09:16.078:     L,2
                              (UI4) '13'
                              (UI4) '16'
02/16/19: 13:09:16.079: Received S1F3 from 6-6-EVAP-002
02/16/19: 13:09:16.090: S1F4,   sxid 0, H<-E, 0x2f
02/16/19: 13:09:16.090:     L,2
                              (UI4) '5'
                              (UI4) '2'
02/16/19: 13:09:16.090: Sent     S1F4 to   6-6-EVAP-002srv
02/16/19: 13:09:16.120: S5F3 W, sxid 0, H->E, 0x32
02/16/19: 13:09:16.120:     L,2
                              (BOOL) '01'
                              L,0
02/16/19: 13:09:16.120: Received S5F3 from 6-6-EVAP-002
02/16/19: 13:09:16.122: S5F4,   sxid 0, H<-E, 0x32
02/16/19: 13:09:16.122:     (BIN) '00'
02/16/19: 13:09:16.123: Sent     S5F4 to   6-6-EVAP-002srv
02/16/19: 13:09:53.638: S5F1 W, sxid 0, H<-E, 0x15
02/16/19: 13:09:53.639:     L,3
                              (BIN) '00'
                              (SI1) '3'
                              (ASC) 'Hi alarm'
02/16/19: 13:09:53.639: Sent     S5F1 to   6-6-EVAP-002
02/16/19: 13:09:53.649: S5F2,   sxid 0, H->E, 0x15
02/16/19: 13:09:53.649:     (BIN) '00'
02/16/19: 13:09:53.650: Received S5F2 from 6-6-EVAP-002
02/16/19: 13:09:58.627: S5F1 W, sxid 0, H<-E, 0x17
02/16/19: 13:09:58.627:     L,3
                              (BIN) '00'
                              (SI1) '3'
                              (ASC) 'Hi alarm'
02/16/19: 13:09:58.628: Sent     S5F1 to   6-6-EVAP-002
02/16/19: 13:09:58.643: S5F2,   sxid 0, H->E, 0x17
02/16/19: 13:09:58.643:     (BIN) '00'
02/16/19: 13:09:58.644: Received S5F2 from 6-6-EVAP-002
02/16/19: 13:10:31.356: S6F11 W, sxid 0, H<-E, 0x19
02/16/19: 13:10:31.356:     L,3
                              (ASC) '1'
                              (ASC) '10'
                              L,0
02/16/19: 13:10:31.356: Sent     S6F11 to   6-6-EVAP-002
02/16/19: 13:10:31.371: S6F12,   sxid 0, H->E, 0x19
02/16/19: 13:10:31.371:     (BIN) '00'
02/16/19: 13:10:31.373: Received S6F12 from 6-6-EVAP-002
02/16/19: 13:10:31.397: S1F3 W, sxid 0, H->E, 0x38
02/16/19: 13:10:31.397:     L,2
                              (UI4) '13'
                              (UI4) '16'
02/16/19: 13:10:31.398: Received S1F3 from 6-6-EVAP-002
02/16/19: 13:10:31.427: S1F4,   sxid 0, H<-E, 0x38
02/16/19: 13:10:31.427:     L,2
                              (UI4) '5'
                              (UI4) '2'
02/16/19: 13:10:31.427: Sent     S1F4 to   6-6-EVAP-002srv
02/16/19: 13:10:36.445: S6F11 W, sxid 0, H<-E, 0x1c
02/16/19: 13:10:36.445:     L,3
                              (ASC) '1'
                              (ASC) '10'
                              L,0
02/16/19: 13:10:36.445: Sent     S6F11 to   6-6-EVAP-002
02/16/19: 13:10:36.456: S6F12,   sxid 0, H->E, 0x1c
02/16/19: 13:10:36.456:     (BIN) '00'
02/16/19: 13:10:36.457: Received S6F12 from 6-6-EVAP-002
02/16/19: 13:10:36.473: S1F3 W, sxid 0, H->E, 0x3c
02/16/19: 13:10:36.473:     L,2
                              (UI4) '13'
                              (UI4) '16'
02/16/19: 13:10:36.474: Received S1F3 from 6-6-EVAP-002
02/16/19: 13:10:36.485: S1F4,   sxid 0, H<-E, 0x3c
02/16/19: 13:10:36.485:     L,2
                              (UI4) '5'
                              (UI4) '4'
02/16/19: 13:10:36.485: Sent     S1F4 to   6-6-EVAP-002srv
02/16/19: 13:10:42.071: S6F11 W, sxid 0, H<-E, 0x1f
02/16/19: 13:10:42.072:     L,3
                              (ASC) '1'
                              (ASC) '10'
                              L,0
02/16/19: 13:10:42.072: Sent     S6F11 to   6-6-EVAP-002
02/16/19: 13:10:42.084: S6F12,   sxid 0, H->E, 0x1f
02/16/19: 13:10:42.084:     (BIN) '00'
02/16/19: 13:10:42.086: Received S6F12 from 6-6-EVAP-002
02/16/19: 13:10:42.108: S1F3 W, sxid 0, H->E, 0x40
02/16/19: 13:10:42.108:     L,2
                              (UI4) '13'
                              (UI4) '16'
02/16/19: 13:10:42.108: Received S1F3 from 6-6-EVAP-002
02/16/19: 13:10:42.129: S1F4,   sxid 0, H<-E, 0x40
02/16/19: 13:10:42.129:     L,2
                              (UI4) '5'
                              (UI4) '2'
02/16/19: 13:10:42.129: Sent     S1F4 to   6-6-EVAP-002srv
02/16/19: 13:10:47.775: S6F11 W, sxid 0, H<-E, 0x22
02/16/19: 13:10:47.775:     L,3
                              (ASC) '1'
                              (ASC) '10'
                              L,0
02/16/19: 13:10:47.776: Sent     S6F11 to   6-6-EVAP-002
02/16/19: 13:10:47.791: S6F12,   sxid 0, H->E, 0x22
02/16/19: 13:10:47.791:     (BIN) '00'
02/16/19: 13:10:47.795: Received S6F12 from 6-6-EVAP-002
02/16/19: 13:10:47.813: S1F3 W, sxid 0, H->E, 0x44
02/16/19: 13:10:47.813:     L,2
                              (UI4) '13'
                              (UI4) '16'
02/16/19: 13:10:47.816: Received S1F3 from 6-6-EVAP-002
02/16/19: 13:10:47.840: S1F4,   sxid 0, H<-E, 0x44
02/16/19: 13:10:47.840:     L,2
                              (UI4) '5'
                              (UI4) '4'
02/16/19: 13:10:47.840: Sent     S1F4 to   6-6-EVAP-002srv
02/16/19: 13:11:00.018: S6F11 W, sxid 0, H<-E, 0x25
02/16/19: 13:11:00.018:     L,3
                              (ASC) '1'
                              (ASC) '1'
                              L,0
02/16/19: 13:11:00.019: Sent     S6F11 to   6-6-EVAP-002
02/16/19: 13:11:00.028: S6F12,   sxid 0, H->E, 0x25
02/16/19: 13:11:00.028:     (BIN) '00'
02/16/19: 13:11:00.030: Received S6F12 from 6-6-EVAP-002
02/16/19: 13:12:20.936: S6F11 W, sxid 0, H<-E, 0x27
02/16/19: 13:12:20.936:     L,3
                              (ASC) '1'
                              (ASC) '2'
                              L,0
02/16/19: 13:12:20.936: Sent     S6F11 to   6-6-EVAP-002
02/16/19: 13:12:20.954: S6F12,   sxid 0, H->E, 0x27
02/16/19: 13:12:20.954:     (BIN) '00'
02/16/19: 13:12:20.955: Received S6F12 from 6-6-EVAP-002
02/16/19: 13:12:25.958: S6F11 W, sxid 0, H<-E, 0x29
02/16/19: 13:12:25.958:     L,3
                              (ASC) '1'
                              (ASC) '3'
                              L,0
02/16/19: 13:12:25.959: Sent     S6F11 to   6-6-EVAP-002
02/16/19: 13:12:25.973: S6F12,   sxid 0, H->E, 0x29
02/16/19: 13:12:25.973:     (BIN) '00'
02/16/19: 13:12:25.973: Received S6F12 from 6-6-EVAP-002
02/16/19: 13:12:40.249: S6F11 W, sxid 0, H<-E, 0x2b
02/16/19: 13:12:40.249:     L,3
                              (ASC) '1'
                              (ASC) '10'
                              L,0
02/16/19: 13:12:40.250: Sent     S6F11 to   6-6-EVAP-002
02/16/19: 13:12:40.264: S6F12,   sxid 0, H->E, 0x2b
02/16/19: 13:12:40.264:     (BIN) '00'
02/16/19: 13:12:40.266: Received S6F12 from 6-6-EVAP-002
02/16/19: 13:12:40.293: S1F3 W, sxid 0, H->E, 0x4b
02/16/19: 13:12:40.293:     L,2
                              (UI4) '13'
                              (UI4) '16'
02/16/19: 13:12:40.294: Received S1F3 from 6-6-EVAP-002
02/16/19: 13:12:40.328: S1F4,   sxid 0, H<-E, 0x4b
02/16/19: 13:12:40.328:     L,2
                              (UI4) '5'
                              (UI4) '2'
02/16/19: 13:12:40.328: Sent     S1F4 to   6-6-EVAP-002srv
02/16/19: 13:17:27.579: S1F13 W, sxid 0, H->E, 0x4e
02/16/19: 13:17:27.580:     L,0
02/16/19: 13:17:27.583: Received S1F13 from 6-6-EVAP-002
02/16/19: 13:17:27.592: S1F14,   sxid 0, H<-E, 0x4e
02/16/19: 13:17:27.592:     L,2
                              (BIN) '00'
                              L,2
                                (ASC) 'Khan'
                                (ASC) '1005.0.8.0'
02/16/19: 13:17:27.592: Sent     S1F14 to   6-6-EVAP-002srv
02/16/19: 13:17:27.610: S1F1 W, sxid 0, H->E, 0x51
02/16/19: 13:17:27.611: Received S1F1 from 6-6-EVAP-002
02/16/19: 13:17:27.617: S1F2,   sxid 0, H<-E, 0x51
02/16/19: 13:17:27.617:     L,2
                              (ASC) 'Khan'
                              (ASC) '1005.0.8.0'
02/16/19: 13:17:27.617: Sent     S1F2 to   6-6-EVAP-002srv
02/16/19: 13:17:27.644: S1F3 W, sxid 0, H->E, 0x54
02/16/19: 13:17:27.644:     L,2
                              (UI4) '13'
                              (UI4) '16'
02/16/19: 13:17:27.645: Received S1F3 from 6-6-EVAP-002
02/16/19: 13:17:27.655: S1F4,   sxid 0, H<-E, 0x54
02/16/19: 13:17:27.655:     L,2
                              (UI4) '5'
                              (UI4) '2'
02/16/19: 13:17:27.655: Sent     S1F4 to   6-6-EVAP-002srv
02/16/19: 13:17:27.682: S5F3 W, sxid 0, H->E, 0x57
02/16/19: 13:17:27.682:     L,2
                              (BOOL) '01'
                              L,0
02/16/19: 13:17:27.683: Received S5F3 from 6-6-EVAP-002
02/16/19: 13:17:27.686: S5F4,   sxid 0, H<-E, 0x57
02/16/19: 13:17:27.686:     (BIN) '00'
02/16/19: 13:17:27.686: Sent     S5F4 to   6-6-EVAP-002srv
02/16/19: 13:17:37.950: S6F11 W, sxid 0, H<-E, 0x32
02/16/19: 13:17:37.950:     L,3
                              (ASC) '1'
                              (ASC) '10'
                              L,0
02/16/19: 13:17:37.951: Sent     S6F11 to   6-6-EVAP-002
02/16/19: 13:17:37.959: S6F12,   sxid 0, H->E, 0x32
02/16/19: 13:17:37.959:     (BIN) '00'
02/16/19: 13:17:37.960: Received S6F12 from 6-6-EVAP-002
02/16/19: 13:17:37.983: S1F3 W, sxid 0, H->E, 0x5b
02/16/19: 13:17:37.983:     L,2
                              (UI4) '13'
                              (UI4) '16'
02/16/19: 13:17:37.984: Received S1F3 from 6-6-EVAP-002
02/16/19: 13:17:37.998: S1F4,   sxid 0, H<-E, 0x5b
02/16/19: 13:17:37.999:     L,2
                              (UI4) '5'
                              (UI4) '4'
02/16/19: 13:17:37.999: Sent     S1F4 to   6-6-EVAP-002srv
02/16/19: 13:17:43.576: S6F11 W, sxid 0, H<-E, 0x35
02/16/19: 13:17:43.576:     L,3
                              (ASC) '1'
                              (ASC) '1'
                              L,0
02/16/19: 13:17:43.577: Sent     S6F11 to   6-6-EVAP-002
02/16/19: 13:17:43.590: S6F12,   sxid 0, H->E, 0x35
02/16/19: 13:17:43.590:     (BIN) '00'
02/16/19: 13:17:43.592: Received S6F12 from 6-6-EVAP-002
02/16/19: 13:17:53.565: S6F11 W, sxid 0, H<-E, 0x37
02/16/19: 13:17:53.565:     L,3
                              (ASC) '1'
                              (ASC) '2'
                              L,0
02/16/19: 13:17:53.566: Sent     S6F11 to   6-6-EVAP-002
02/16/19: 13:17:53.577: S6F12,   sxid 0, H->E, 0x37
02/16/19: 13:17:53.577:     (BIN) '00'
02/16/19: 13:17:53.579: Received S6F12 from 6-6-EVAP-002
02/16/19: 13:18:04.384: S5F1 W, sxid 0, H<-E, 0x39
02/16/19: 13:18:04.384:     L,3
                              (BIN) '00'
                              (SI1) '3'
                              (ASC) 'Hi alarm'
02/16/19: 13:18:04.385: Sent     S5F1 to   6-6-EVAP-002
02/16/19: 13:18:04.390: S5F2,   sxid 0, H->E, 0x39
02/16/19: 13:18:04.390:     (BIN) '00'
02/16/19: 13:18:04.391: Received S5F2 from 6-6-EVAP-002
02/16/19: 13:20:18.122: S1F13 W, sxid 0, H->E, 0x61
02/16/19: 13:20:18.122:     L,0
02/16/19: 13:20:18.122: Received S1F13 from 6-6-EVAP-002
02/16/19: 13:20:18.128: S1F14,   sxid 0, H<-E, 0x61
02/16/19: 13:20:18.128:     L,2
                              (BIN) '00'
                              L,2
                                (ASC) 'Khan'
                                (ASC) '1005.0.8.0'
02/16/19: 13:20:18.128: Sent     S1F14 to   6-6-EVAP-002srv
02/16/19: 13:20:18.145: S1F1 W, sxid 0, H->E, 0x64
02/16/19: 13:20:18.146: Received S1F1 from 6-6-EVAP-002
02/16/19: 13:20:18.154: S1F2,   sxid 0, H<-E, 0x64
02/16/19: 13:20:18.154:     L,2
                              (ASC) 'Khan'
                              (ASC) '1005.0.8.0'
02/16/19: 13:20:18.154: Sent     S1F2 to   6-6-EVAP-002srv
02/16/19: 13:20:18.174: S1F3 W, sxid 0, H->E, 0x67
02/16/19: 13:20:18.174:     L,2
                              (UI4) '13'
                              (UI4) '16'
02/16/19: 13:20:18.174: Received S1F3 from 6-6-EVAP-002
02/16/19: 13:20:18.187: S1F4,   sxid 0, H<-E, 0x67
02/16/19: 13:20:18.187:     L,2
                              (UI4) '4'
                              (UI4) '4'
02/16/19: 13:20:18.187: Sent     S1F4 to   6-6-EVAP-002srv
02/16/19: 13:20:18.213: S5F3 W, sxid 0, H->E, 0x6a
02/16/19: 13:20:18.213:     L,2
                              (BOOL) '01'
                              L,0
02/16/19: 13:20:18.213: Received S5F3 from 6-6-EVAP-002
02/16/19: 13:20:18.216: S5F4,   sxid 0, H<-E, 0x6a
02/16/19: 13:20:18.216:     (BIN) '00'
02/16/19: 13:20:18.216: Sent     S5F4 to   6-6-EVAP-002srv
02/16/19: 13:20:28.768: S6F11 W, sxid 0, H<-E, 0x3f
02/16/19: 13:20:28.768:     L,3
                              (ASC) '1'
                              (ASC) '10'
                              L,0
02/16/19: 13:20:28.768: Sent     S6F11 to   6-6-EVAP-002
02/16/19: 13:20:28.782: S6F12,   sxid 0, H->E, 0x3f
02/16/19: 13:20:28.782:     (BIN) '00'
02/16/19: 13:20:28.784: Received S6F12 from 6-6-EVAP-002
02/16/19: 13:20:28.800: S1F3 W, sxid 0, H->E, 0x6e
02/16/19: 13:20:28.800:     L,2
                              (UI4) '13'
                              (UI4) '16'
02/16/19: 13:20:28.801: Received S1F3 from 6-6-EVAP-002
02/16/19: 13:20:28.833: S1F4,   sxid 0, H<-E, 0x6e
02/16/19: 13:20:28.833:     L,2
                              (UI4) '4'
                              (UI4) '2'
02/16/19: 13:20:28.833: Sent     S1F4 to   6-6-EVAP-002srv
02/16/19: 13:20:32.094: S6F11 W, sxid 0, H<-E, 0x42
02/16/19: 13:20:32.094:     L,3
                              (ASC) '1'
                              (ASC) '3'
                              L,0
02/16/19: 13:20:32.094: Sent     S6F11 to   6-6-EVAP-002
02/16/19: 13:20:32.102: S6F12,   sxid 0, H->E, 0x42
02/16/19: 13:20:32.102:     (BIN) '00'
02/16/19: 13:20:32.104: Received S6F12 from 6-6-EVAP-002
02/16/19: 13:21:35.170: S6F11 W, sxid 0, H<-E, 0x44
02/16/19: 13:21:35.170:     L,3
                              (ASC) '1'
                              (ASC) '100'
                              L,0
02/16/19: 13:21:35.171: Sent     S6F11 to   6-6-EVAP-002
02/16/19: 13:21:35.184: S6F12,   sxid 0, H->E, 0x44
02/16/19: 13:21:35.184:     (BIN) '00'
02/16/19: 13:21:35.186: Received S6F12 from 6-6-EVAP-002
02/16/19: 13:23:08.741: S6F11 W, sxid 0, H<-E, 0x46
02/16/19: 13:23:08.742:     L,3
                              (ASC) '1'
                              (ASC) '100'
                              L,0
02/16/19: 13:23:08.742: Sent     S6F11 to   6-6-EVAP-002
02/16/19: 13:23:08.758: S6F12,   sxid 0, H->E, 0x46
02/16/19: 13:23:08.758:     (BIN) '00'
02/16/19: 13:23:08.759: Received S6F12 from 6-6-EVAP-002
02/16/19: 13:24:28.066: S6F11 W, sxid 0, H<-E, 0x48
02/16/19: 13:24:28.067:     L,3
                              (ASC) '1'
                              (ASC) '101'
                              L,0
02/16/19: 13:24:28.067: Sent     S6F11 to   6-6-EVAP-002
02/16/19: 13:24:28.079: S6F12,   sxid 0, H->E, 0x48
02/16/19: 13:24:28.079:     (BIN) '00'
02/16/19: 13:24:28.090: Received S6F12 from 6-6-EVAP-002
02/16/19: 13:31:48.811: S1F13 W, sxid 0, H->E, 0x75
02/16/19: 13:31:48.811:     L,0
02/16/19: 13:31:48.812: Received S1F13 from 6-6-EVAP-002
02/16/19: 13:31:48.817: S1F14,   sxid 0, H<-E, 0x75
02/16/19: 13:31:48.817:     L,2
                              (BIN) '00'
                              L,2
                                (ASC) 'Khan'
                                (ASC) '1005.0.8.0'
02/16/19: 13:31:48.817: Sent     S1F14 to   6-6-EVAP-002srv
02/16/19: 13:31:50.494: S1F1 W, sxid 0, H->E, 0x78
02/16/19: 13:31:50.495: Received S1F1 from 6-6-EVAP-002
02/16/19: 13:31:50.501: S1F2,   sxid 0, H<-E, 0x78
02/16/19: 13:31:50.501:     L,2
                              (ASC) 'Khan'
                              (ASC) '1005.0.8.0'
02/16/19: 13:31:50.501: Sent     S1F2 to   6-6-EVAP-002srv
02/16/19: 13:31:51.130: S1F3 W, sxid 0, H->E, 0x7b
02/16/19: 13:31:51.130:     L,2
                              (UI4) '13'
                              (UI4) '16'
02/16/19: 13:31:51.131: Received S1F3 from 6-6-EVAP-002
02/16/19: 13:31:51.159: S1F4,   sxid 0, H<-E, 0x7b
02/16/19: 13:31:51.159:     L,2
                              (UI4) '5'
                              (UI4) '2'
02/16/19: 13:31:51.159: Sent     S1F4 to   6-6-EVAP-002srv
02/16/19: 13:31:51.706: S5F3 W, sxid 0, H->E, 0x7e
02/16/19: 13:31:51.706:     L,2
                              (BOOL) '01'
                              L,0
02/16/19: 13:31:51.707: Received S5F3 from 6-6-EVAP-002
02/16/19: 13:31:51.713: S5F4,   sxid 0, H<-E, 0x7e
02/16/19: 13:31:51.713:     (BIN) '00'
02/16/19: 13:31:51.713: Sent     S5F4 to   6-6-EVAP-002srv
02/16/19: 13:32:27.917: S6F11 W, sxid 0, H<-E, 0x4e
02/16/19: 13:32:27.917:     L,3
                              (ASC) '1'
                              (ASC) '100'
                              L,0
02/16/19: 13:32:27.918: Sent     S6F11 to   6-6-EVAP-002
02/16/19: 13:32:27.934: S6F12,   sxid 0, H->E, 0x4e
02/16/19: 13:32:27.934:     (BIN) '00'
02/16/19: 13:32:27.935: Received S6F12 from 6-6-EVAP-002
02/16/19: 13:33:01.772: S6F11 W, sxid 0, H<-E, 0x50
02/16/19: 13:33:01.772:     L,3
                              (ASC) '1'
                              (ASC) '101'
                              L,0
02/16/19: 13:33:01.772: Sent     S6F11 to   6-6-EVAP-002
02/16/19: 13:33:01.781: S6F12,   sxid 0, H->E, 0x50
02/16/19: 13:33:01.782:     (BIN) '00'
02/16/19: 13:33:01.782: Received S6F12 from 6-6-EVAP-002
02/16/19: 13:33:59.468: S2F23 W, sxid 0, H->E, 0x83
02/16/19: 13:33:59.468:     L,5
                              (UI4) '0'
                              (ASC) '000005'
                              (UI4) '0'
                              (UI4) '1'
                              L,0
02/16/19: 13:33:59.468: Received S2F23 from 6-6-EVAP-002
02/16/19: 13:33:59.476: S2F24,   sxid 0, H<-E, 0x83
02/16/19: 13:33:59.476:     (BIN) '00'
02/16/19: 13:33:59.476: Sent     S2F24 to   6-6-EVAP-002srv
02/16/19: 13:35:37.641: S5F1 W, sxid 0, H<-E, 0x53
02/16/19: 13:35:37.641:     L,3
                              (BIN) '00'
                              (SI1) '3'
                              (ASC) 'Hi alarm'
02/16/19: 13:35:37.641: Sent     S5F1 to   6-6-EVAP-002
02/16/19: 13:35:37.648: S5F2,   sxid 0, H->E, 0x53
02/16/19: 13:35:37.649:     (BIN) '00'
02/16/19: 13:35:37.651: Received S5F2 from 6-6-EVAP-002
02/16/19: 20:39:18.758: S1F1 W, sxid 0, H->E, 0x02
02/16/19: 20:39:18.759: Received S1F1 from 6-6-EVAP-002
02/16/19: 20:39:18.764: S1F2,   sxid 0, H<-E, 0x02
02/16/19: 20:39:18.764:     L,2
                              (ASC) 'Khan'
                              (ASC) '1005.0.8.0'
02/16/19: 20:39:18.764: Sent     S1F2 to   6-6-EVAP-002srv
02/16/19: 20:44:39.582: S1F13 W, sxid 0, H->E, 0x05
02/16/19: 20:44:39.582:     L,0
02/16/19: 20:44:39.582: Received S1F13 from 6-6-EVAP-002
02/16/19: 20:44:39.589: S1F14,   sxid 0, H<-E, 0x05
02/16/19: 20:44:39.589:     L,2
                              (BIN) '00'
                              L,2
                                (ASC) 'Khan'
                                (ASC) '1005.0.8.0'
02/16/19: 20:44:39.589: Sent     S1F14 to   6-6-EVAP-002srv
02/16/19: 20:44:39.608: S1F1 W, sxid 0, H->E, 0x08
02/16/19: 20:44:39.609: Received S1F1 from 6-6-EVAP-002
02/16/19: 20:44:39.613: S1F2,   sxid 0, H<-E, 0x08
02/16/19: 20:44:39.613:     L,2
                              (ASC) 'Khan'
                              (ASC) '1005.0.8.0'
02/16/19: 20:44:39.613: Sent     S1F2 to   6-6-EVAP-002srv
02/16/19: 20:44:39.636: S1F3 W, sxid 0, H->E, 0x0b
02/16/19: 20:44:39.636:     L,2
                              (UI4) '13'
                              (UI4) '16'
02/16/19: 20:44:39.637: Received S1F3 from 6-6-EVAP-002
02/16/19: 20:44:39.647: S1F4,   sxid 0, H<-E, 0x0b
02/16/19: 20:44:39.647:     L,2
                              (UI4) '5'
                              (UI4) '2'
02/16/19: 20:44:39.648: Sent     S1F4 to   6-6-EVAP-002srv
02/16/19: 20:44:39.671: S5F3 W, sxid 0, H->E, 0x0e
02/16/19: 20:44:39.671:     L,2
                              (BOOL) '01'
                              L,0
02/16/19: 20:44:39.673: Received S5F3 from 6-6-EVAP-002
02/16/19: 20:44:39.675: S5F4,   sxid 0, H<-E, 0x0e
02/16/19: 20:44:39.675:     (BIN) '00'
02/16/19: 20:44:39.675: Sent     S5F4 to   6-6-EVAP-002srv
02/16/19: 20:50:28.718: S1F13 W, sxid 0, H->E, 0x11
02/16/19: 20:50:28.718:     L,0
02/16/19: 20:50:28.719: Received S1F13 from 6-6-EVAP-002
02/16/19: 20:50:28.732: S1F14,   sxid 0, H<-E, 0x11
02/16/19: 20:50:28.732:     L,2
                              (BIN) '00'
                              L,2
                                (ASC) 'Khan'
                                (ASC) '1005.0.8.0'
02/16/19: 20:50:28.732: Sent     S1F14 to   6-6-EVAP-002srv
02/16/19: 20:50:28.753: S1F1 W, sxid 0, H->E, 0x14
02/16/19: 20:50:28.754: Received S1F1 from 6-6-EVAP-002
02/16/19: 20:50:28.767: S1F2,   sxid 0, H<-E, 0x14
02/16/19: 20:50:28.767:     L,2
                              (ASC) 'Khan'
                              (ASC) '1005.0.8.0'
02/16/19: 20:50:28.767: Sent     S1F2 to   6-6-EVAP-002srv
02/16/19: 20:50:28.797: S1F3 W, sxid 0, H->E, 0x17
02/16/19: 20:50:28.797:     L,2
                              (UI4) '13'
                              (UI4) '16'
02/16/19: 20:50:28.798: Received S1F3 from 6-6-EVAP-002
02/16/19: 20:50:28.846: S1F4,   sxid 0, H<-E, 0x17
02/16/19: 20:50:28.847:     L,2
                              (UI4) '5'
                              (UI4) '2'
02/16/19: 20:50:28.847: Sent     S1F4 to   6-6-EVAP-002srv
02/16/19: 20:50:28.878: S5F3 W, sxid 0, H->E, 0x1a
02/16/19: 20:50:28.878:     L,2
                              (BOOL) '01'
                              L,0
02/16/19: 20:50:28.881: Received S5F3 from 6-6-EVAP-002
02/16/19: 20:50:28.890: S5F4,   sxid 0, H<-E, 0x1a
02/16/19: 20:50:28.890:     (BIN) '00'
02/16/19: 20:50:28.891: Sent     S5F4 to   6-6-EVAP-002srv
02/16/19: 20:53:06.286: S1F13 W, sxid 0, H->E, 0x1d
02/16/19: 20:53:06.286:     L,0
02/16/19: 20:53:06.286: Received S1F13 from 6-6-EVAP-002
02/16/19: 20:53:06.292: S1F14,   sxid 0, H<-E, 0x1d
02/16/19: 20:53:06.292:     L,2
                              (BIN) '00'
                              L,2
                                (ASC) 'Khan'
                                (ASC) '1005.0.8.0'
02/16/19: 20:53:06.292: Sent     S1F14 to   6-6-EVAP-002srv
02/16/19: 20:53:06.309: S1F1 W, sxid 0, H->E, 0x20
02/16/19: 20:53:06.309: Received S1F1 from 6-6-EVAP-002
02/16/19: 20:53:06.313: S1F2,   sxid 0, H<-E, 0x20
02/16/19: 20:53:06.313:     L,2
                              (ASC) 'Khan'
                              (ASC) '1005.0.8.0'
02/16/19: 20:53:06.313: Sent     S1F2 to   6-6-EVAP-002srv
02/16/19: 20:53:06.335: S1F3 W, sxid 0, H->E, 0x23
02/16/19: 20:53:06.335:     L,2
                              (UI4) '13'
                              (UI4) '16'
02/16/19: 20:53:06.335: Received S1F3 from 6-6-EVAP-002
02/16/19: 20:53:06.346: S1F4,   sxid 0, H<-E, 0x23
02/16/19: 20:53:06.346:     L,2
                              (UI4) '5'
                              (UI4) '2'
02/16/19: 20:53:06.346: Sent     S1F4 to   6-6-EVAP-002srv
02/16/19: 20:53:06.370: S5F3 W, sxid 0, H->E, 0x26
02/16/19: 20:53:06.370:     L,2
                              (BOOL) '01'
                              L,0
02/16/19: 20:53:06.371: Received S5F3 from 6-6-EVAP-002
02/16/19: 20:53:06.373: S5F4,   sxid 0, H<-E, 0x26
02/16/19: 20:53:06.373:     (BIN) '00'
02/16/19: 20:53:06.374: Sent     S5F4 to   6-6-EVAP-002srv
02/17/19: 11:14:50.735: S1F1 W, sxid 0, H->E, 0x02
02/17/19: 11:14:50.735: Received S1F1 from 6-6-EVAP-002
02/17/19: 11:14:50.740: S1F2,   sxid 0, H<-E, 0x02
02/17/19: 11:14:50.740:     L,2
                              (ASC) 'Khan'
                              (ASC) '1005.0.8.0'
02/17/19: 11:14:50.740: Sent     S1F2 to   6-6-EVAP-002srv
02/17/19: 11:15:19.300: S1F13 W, sxid 0, H->E, 0x05
02/17/19: 11:15:19.300:     L,0
02/17/19: 11:15:19.300: Received S1F13 from 6-6-EVAP-002
02/17/19: 11:15:19.307: S1F14,   sxid 0, H<-E, 0x05
02/17/19: 11:15:19.307:     L,2
                              (BIN) '00'
                              L,2
                                (ASC) 'Khan'
                                (ASC) '1005.0.8.0'
02/17/19: 11:15:19.307: Sent     S1F14 to   6-6-EVAP-002srv
02/17/19: 11:15:19.330: S1F1 W, sxid 0, H->E, 0x08
02/17/19: 11:15:19.331: Received S1F1 from 6-6-EVAP-002
02/17/19: 11:15:19.335: S1F2,   sxid 0, H<-E, 0x08
02/17/19: 11:15:19.335:     L,2
                              (ASC) 'Khan'
                              (ASC) '1005.0.8.0'
02/17/19: 11:15:19.335: Sent     S1F2 to   6-6-EVAP-002srv
02/17/19: 11:15:19.360: S1F3 W, sxid 0, H->E, 0x0b
02/17/19: 11:15:19.360:     L,2
                              (UI4) '13'
                              (UI4) '16'
02/17/19: 11:15:19.361: Received S1F3 from 6-6-EVAP-002
02/17/19: 11:15:19.372: S1F4,   sxid 0, H<-E, 0x0b
02/17/19: 11:15:19.372:     L,2
                              (UI4) '5'
                              (UI4) '2'
02/17/19: 11:15:19.372: Sent     S1F4 to   6-6-EVAP-002srv
02/17/19: 11:15:19.397: S5F3 W, sxid 0, H->E, 0x0e
02/17/19: 11:15:19.398:     L,2
                              (BOOL) '01'
                              L,0
02/17/19: 11:15:19.401: Received S5F3 from 6-6-EVAP-002
02/17/19: 11:15:19.408: S5F4,   sxid 0, H<-E, 0x0e
02/17/19: 11:15:19.408:     (BIN) '00'
02/17/19: 11:15:19.409: Sent     S5F4 to   6-6-EVAP-002srv
02/17/19: 11:15:33.417: S5F1 W, sxid 0, H<-E, 0x09
02/17/19: 11:15:33.417:     L,3
                              (BIN) '00'
                              (SI1) '3'
                              (ASC) 'Hi alarm'
02/17/19: 11:15:33.417: Sent     S5F1 to   6-6-EVAP-002
02/17/19: 11:15:33.431: S5F2,   sxid 0, H->E, 0x09
02/17/19: 11:15:33.431:     (BIN) '00'
02/17/19: 11:15:33.434: Received S5F2 from 6-6-EVAP-002
02/17/19: 11:16:03.345: S6F11 W, sxid 0, H<-E, 0x0b
02/17/19: 11:16:03.346:     L,3
                              (ASC) '1'
                              (ASC) '10'
                              L,0
02/17/19: 11:16:03.346: Sent     S6F11 to   6-6-EVAP-002
02/17/19: 11:16:03.360: S6F12,   sxid 0, H->E, 0x0b
02/17/19: 11:16:03.360:     (BIN) '00'
02/17/19: 11:16:03.362: Received S6F12 from 6-6-EVAP-002
02/17/19: 11:16:03.386: S1F3 W, sxid 0, H->E, 0x13
02/17/19: 11:16:03.386:     L,2
                              (UI4) '13'
                              (UI4) '16'
02/17/19: 11:16:03.388: Received S1F3 from 6-6-EVAP-002
02/17/19: 11:16:03.401: S1F4,   sxid 0, H<-E, 0x13
02/17/19: 11:16:03.401:     L,2
                              (UI4) '5'
                              (UI4) '0'
02/17/19: 11:16:03.402: Sent     S1F4 to   6-6-EVAP-002srv
02/17/19: 11:16:17.549: S6F11 W, sxid 0, H<-E, 0x0e
02/17/19: 11:16:17.549:     L,3
                              (ASC) '1'
                              (ASC) '10'
                              L,0
02/17/19: 11:16:17.553: Sent     S6F11 to   6-6-EVAP-002
02/17/19: 11:16:17.567: S6F12,   sxid 0, H->E, 0x0e
02/17/19: 11:16:17.567:     (BIN) '00'
02/17/19: 11:16:17.569: Received S6F12 from 6-6-EVAP-002
02/17/19: 11:16:17.595: S1F3 W, sxid 0, H->E, 0x17
02/17/19: 11:16:17.596:     L,2
                              (UI4) '13'
                              (UI4) '16'
02/17/19: 11:16:17.597: Received S1F3 from 6-6-EVAP-002
02/17/19: 11:16:17.610: S1F4,   sxid 0, H<-E, 0x17
02/17/19: 11:16:17.611:     L,2
                              (UI4) '5'
                              (UI4) '2'
02/17/19: 11:16:17.611: Sent     S1F4 to   6-6-EVAP-002srv
02/17/19: 11:17:27.191: S6F11 W, sxid 0, H<-E, 0x11
02/17/19: 11:17:27.192:     L,3
                              (ASC) '1'
                              (ASC) '10'
                              L,0
02/17/19: 11:17:27.193: Sent     S6F11 to   6-6-EVAP-002
02/17/19: 11:17:27.208: S6F12,   sxid 0, H->E, 0x11
02/17/19: 11:17:27.208:     (BIN) '00'
02/17/19: 11:17:27.211: Received S6F12 from 6-6-EVAP-002
02/17/19: 11:17:27.236: S1F3 W, sxid 0, H->E, 0x1b
02/17/19: 11:17:27.236:     L,2
                              (UI4) '13'
                              (UI4) '16'
02/17/19: 11:17:27.238: Received S1F3 from 6-6-EVAP-002
02/17/19: 11:17:27.268: S1F4,   sxid 0, H<-E, 0x1b
02/17/19: 11:17:27.269:     L,2
                              (UI4) '5'
                              (UI4) '2'
02/17/19: 11:17:27.269: Sent     S1F4 to   6-6-EVAP-002srv
02/17/19: 11:17:52.303: S6F11 W, sxid 0, H<-E, 0x14
02/17/19: 11:17:52.304:     L,3
                              (ASC) '1'
                              (ASC) '10'
                              L,0
02/17/19: 11:17:52.307: Sent     S6F11 to   6-6-EVAP-002
02/17/19: 11:17:52.314: S6F12,   sxid 0, H->E, 0x14
02/17/19: 11:17:52.315:     (BIN) '00'
02/17/19: 11:17:52.316: Received S6F12 from 6-6-EVAP-002
02/17/19: 11:17:52.340: S1F3 W, sxid 0, H->E, 0x1f
02/17/19: 11:17:52.341:     L,2
                              (UI4) '13'
                              (UI4) '16'
02/17/19: 11:17:52.341: Received S1F3 from 6-6-EVAP-002
02/17/19: 11:17:52.353: S1F4,   sxid 0, H<-E, 0x1f
02/17/19: 11:17:52.354:     L,2
                              (UI4) '5'
                              (UI4) '2'
02/17/19: 11:17:52.354: Sent     S1F4 to   6-6-EVAP-002srv
02/17/19: 11:17:53.541: S6F11 W, sxid 0, H<-E, 0x17
02/17/19: 11:17:53.542:     L,3
                              (ASC) '1'
                              (ASC) '555'
                              L,0
02/17/19: 11:17:53.542: Sent     S6F11 to   6-6-EVAP-002
02/17/19: 11:17:53.550: S6F12,   sxid 0, H->E, 0x17
02/17/19: 11:17:53.551:     (BIN) '00'
02/17/19: 11:17:53.553: Received S6F12 from 6-6-EVAP-002
02/17/19: 11:18:07.736: S6F11 W, sxid 0, H<-E, 0x19
02/17/19: 11:18:07.737:     L,3
                              (ASC) '1'
                              (ASC) '101'
                              L,0
02/17/19: 11:18:07.738: Sent     S6F11 to   6-6-EVAP-002
02/17/19: 11:18:07.748: S6F12,   sxid 0, H->E, 0x19
02/17/19: 11:18:07.748:     (BIN) '00'
02/17/19: 11:18:07.749: Received S6F12 from 6-6-EVAP-002
02/17/19: 11:18:12.184: S2F23 W, sxid 0, H->E, 0x24
02/17/19: 11:18:12.184:     L,5
                              (UI4) '0'
                              (ASC) '000005'
                              (UI4) '0'
                              (UI4) '1'
                              L,0
02/17/19: 11:18:12.185: Received S2F23 from 6-6-EVAP-002
02/17/19: 11:18:12.188: S2F24,   sxid 0, H<-E, 0x24
02/17/19: 11:18:12.189:     (BIN) '00'
02/17/19: 11:18:12.189: Sent     S2F24 to   6-6-EVAP-002srv
